<?xml version="1.0" encoding="UTF-8"?>
<testsuite name="com.theelixrlabs.ChatApp.WebApplicationTests" tests="1" skipped="0" failures="0" errors="0" timestamp="2024-09-18T09:28:56" hostname="EXR-IT-20" time="0.746">
  <properties/>
  <testcase name="contextLoads()" classname="com.theelixrlabs.ChatApp.WebApplicationTests" time="0.746"/>
  <system-out><![CDATA[14:58:54.312 [Test worker] INFO org.springframework.test.context.support.AnnotationConfigContextLoaderUtils -- Could not detect default configuration classes for test class [com.theelixrlabs.ChatApp.WebApplicationTests]: WebApplicationTests does not declare any static, non-private, non-final, nested classes annotated with @Configuration.
14:58:54.415 [Test worker] INFO org.springframework.boot.test.context.SpringBootTestContextBootstrapper -- Found @SpringBootConfiguration com.theelixrlabs.ChatApp.ChatApp for test class com.theelixrlabs.ChatApp.WebApplicationTests

  .   ____          _            __ _ _
 /\\ / ___'_ __ _ _(_)_ __  __ _ \ \ \ \
( ( )\___ | '_ | '_| | '_ \/ _` | \ \ \ \
 \\/  ___)| |_)| | | | | || (_| |  ) ) ) )
  '  |____| .__|_| |_|_| |_\__, | / / / /
 =========|_|==============|___/=/_/_/_/

 :: Spring Boot ::                (v3.3.3)

2024-09-18T14:58:54.759+05:30  INFO 14448 --- [ChatApp] [    Test worker] c.t.ChatApp.WebApplicationTests          : Starting WebApplicationTests using Java 17.0.11 with PID 14448 (started by chandrakanth.shaji in C:\Users\chandrakanth.shaji\Downloads\Chandrakanth\Work\Projects\ChatApp)
2024-09-18T14:58:54.760+05:30  INFO 14448 --- [ChatApp] [    Test worker] c.t.ChatApp.WebApplicationTests          : No active profile set, falling back to 1 default profile: "default"
2024-09-18T14:58:55.264+05:30  INFO 14448 --- [ChatApp] [    Test worker] .s.d.r.c.RepositoryConfigurationDelegate : Bootstrapping Spring Data MongoDB repositories in DEFAULT mode.
2024-09-18T14:58:55.326+05:30  INFO 14448 --- [ChatApp] [    Test worker] .s.d.r.c.RepositoryConfigurationDelegate : Finished Spring Data repository scanning in 57 ms. Found 2 MongoDB repository interfaces.
2024-09-18T14:58:55.791+05:30  INFO 14448 --- [ChatApp] [    Test worker] org.mongodb.driver.client                : MongoClient with metadata {"application": {"name": "ChandrakanthCluster"}, "driver": {"name": "mongo-java-driver|sync|spring-boot", "version": "5.0.1"}, "os": {"type": "Windows", "name": "Windows 11", "architecture": "amd64", "version": "10.0"}, "platform": "Java/Oracle Corporation/17.0.11+7-LTS-207"} created with settings MongoClientSettings{readPreference=primary, writeConcern=WriteConcern{w=majority, wTimeout=null ms, journal=null}, retryWrites=true, retryReads=true, readConcern=ReadConcern{level=null}, credential=MongoCredential{mechanism=null, userName='chandrakanth1234', source='admin', password=<hidden>, mechanismProperties=<hidden>}, transportSettings=null, commandListeners=[], codecRegistry=ProvidersCodecRegistry{codecProviders=[ValueCodecProvider{}, BsonValueCodecProvider{}, DBRefCodecProvider{}, DBObjectCodecProvider{}, DocumentCodecProvider{}, CollectionCodecProvider{}, IterableCodecProvider{}, MapCodecProvider{}, GeoJsonCodecProvider{}, GridFSFileCodecProvider{}, Jsr310CodecProvider{}, JsonObjectCodecProvider{}, BsonCodecProvider{}, EnumCodecProvider{}, com.mongodb.client.model.mql.ExpressionCodecProvider@72028a45, com.mongodb.Jep395RecordCodecProvider@74667e6a, com.mongodb.KotlinCodecProvider@7b222230]}, loggerSettings=LoggerSettings{maxDocumentLength=1000}, clusterSettings={hosts=[127.0.0.1:27017], srvHost=chandrakanthcluster.kek3p.mongodb.net, srvServiceName=mongodb, mode=MULTIPLE, requiredClusterType=REPLICA_SET, requiredReplicaSetName='atlas-12kol5-shard-0', serverSelector='null', clusterListeners='[]', serverSelectionTimeout='30000 ms', localThreshold='15 ms'}, socketSettings=SocketSettings{connectTimeoutMS=10000, readTimeoutMS=0, receiveBufferSize=0, proxySettings=ProxySettings{host=null, port=null, username=null, password=null}}, heartbeatSocketSettings=SocketSettings{connectTimeoutMS=10000, readTimeoutMS=10000, receiveBufferSize=0, proxySettings=ProxySettings{host=null, port=null, username=null, password=null}}, connectionPoolSettings=ConnectionPoolSettings{maxSize=100, minSize=0, maxWaitTimeMS=120000, maxConnectionLifeTimeMS=0, maxConnectionIdleTimeMS=0, maintenanceInitialDelayMS=0, maintenanceFrequencyMS=60000, connectionPoolListeners=[], maxConnecting=2}, serverSettings=ServerSettings{heartbeatFrequencyMS=10000, minHeartbeatFrequencyMS=500, serverListeners='[]', serverMonitorListeners='[]'}, sslSettings=SslSettings{enabled=true, invalidHostNameAllowed=false, context=null}, applicationName='ChandrakanthCluster', compressorList=[], uuidRepresentation=STANDARD, serverApi=null, autoEncryptionSettings=null, dnsClient=null, inetAddressResolver=null, contextProvider=null}
2024-09-18T14:58:56.136+05:30  INFO 14448 --- [ChatApp] [k3p.mongodb.net] org.mongodb.driver.cluster               : Adding discovered server chandrakanthcluster-shard-00-02.kek3p.mongodb.net:27017 to client view of cluster
2024-09-18T14:58:56.158+05:30  INFO 14448 --- [ChatApp] [    Test worker] r$InitializeUserDetailsManagerConfigurer : Global AuthenticationManager configured with UserDetailsService bean with name customUserDetailsService
2024-09-18T14:58:56.180+05:30  INFO 14448 --- [ChatApp] [k3p.mongodb.net] org.mongodb.driver.cluster               : Adding discovered server chandrakanthcluster-shard-00-00.kek3p.mongodb.net:27017 to client view of cluster
2024-09-18T14:58:56.188+05:30  INFO 14448 --- [ChatApp] [k3p.mongodb.net] org.mongodb.driver.cluster               : Adding discovered server chandrakanthcluster-shard-00-01.kek3p.mongodb.net:27017 to client view of cluster
2024-09-18T14:58:56.284+05:30  INFO 14448 --- [ChatApp] [    Test worker] o.s.b.a.w.s.WelcomePageHandlerMapping    : Adding welcome page: class path resource [static/index.html]
2024-09-18T14:58:56.640+05:30  INFO 14448 --- [ChatApp] [ngodb.net:27017] org.mongodb.driver.cluster               : Monitor thread successfully connected to server with description ServerDescription{address=chandrakanthcluster-shard-00-00.kek3p.mongodb.net:27017, type=REPLICA_SET_SECONDARY, state=CONNECTED, ok=true, minWireVersion=0, maxWireVersion=21, maxDocumentSize=16777216, logicalSessionTimeoutMinutes=30, roundTripTimeNanos=261907600, setName='atlas-12kol5-shard-0', canonicalAddress=chandrakanthcluster-shard-00-00.kek3p.mongodb.net:27017, hosts=[chandrakanthcluster-shard-00-02.kek3p.mongodb.net:27017, chandrakanthcluster-shard-00-01.kek3p.mongodb.net:27017, chandrakanthcluster-shard-00-00.kek3p.mongodb.net:27017], passives=[], arbiters=[], primary='chandrakanthcluster-shard-00-02.kek3p.mongodb.net:27017', tagSet=TagSet{[Tag{name='availabilityZone', value='1'}, Tag{name='diskState', value='READY'}, Tag{name='nodeType', value='ELECTABLE'}, Tag{name='provider', value='AZURE'}, Tag{name='region', value='INDIA_CENTRAL'}, Tag{name='workloadType', value='OPERATIONAL'}]}, electionId=null, setVersion=12, topologyVersion=TopologyVersion{processId=66ce317adc87edbf6d7ef5fa, counter=4}, lastWriteDate=Wed Sep 18 14:58:57 IST 2024, lastUpdateTimeNanos=592056099945500}
2024-09-18T14:58:56.640+05:30  INFO 14448 --- [ChatApp] [ngodb.net:27017] org.mongodb.driver.cluster               : Monitor thread successfully connected to server with description ServerDescription{address=chandrakanthcluster-shard-00-01.kek3p.mongodb.net:27017, type=REPLICA_SET_SECONDARY, state=CONNECTED, ok=true, minWireVersion=0, maxWireVersion=21, maxDocumentSize=16777216, logicalSessionTimeoutMinutes=30, roundTripTimeNanos=256305300, setName='atlas-12kol5-shard-0', canonicalAddress=chandrakanthcluster-shard-00-01.kek3p.mongodb.net:27017, hosts=[chandrakanthcluster-shard-00-02.kek3p.mongodb.net:27017, chandrakanthcluster-shard-00-01.kek3p.mongodb.net:27017, chandrakanthcluster-shard-00-00.kek3p.mongodb.net:27017], passives=[], arbiters=[], primary='chandrakanthcluster-shard-00-02.kek3p.mongodb.net:27017', tagSet=TagSet{[Tag{name='availabilityZone', value='2'}, Tag{name='diskState', value='READY'}, Tag{name='nodeType', value='ELECTABLE'}, Tag{name='provider', value='AZURE'}, Tag{name='region', value='INDIA_CENTRAL'}, Tag{name='workloadType', value='OPERATIONAL'}]}, electionId=null, setVersion=12, topologyVersion=TopologyVersion{processId=66ce321f0638036c467025a6, counter=3}, lastWriteDate=Wed Sep 18 14:58:57 IST 2024, lastUpdateTimeNanos=592056099945500}
2024-09-18T14:58:56.650+05:30  INFO 14448 --- [ChatApp] [ngodb.net:27017] org.mongodb.driver.cluster               : Monitor thread successfully connected to server with description ServerDescription{address=chandrakanthcluster-shard-00-02.kek3p.mongodb.net:27017, type=REPLICA_SET_PRIMARY, state=CONNECTED, ok=true, minWireVersion=0, maxWireVersion=21, maxDocumentSize=16777216, logicalSessionTimeoutMinutes=30, roundTripTimeNanos=265049300, setName='atlas-12kol5-shard-0', canonicalAddress=chandrakanthcluster-shard-00-02.kek3p.mongodb.net:27017, hosts=[chandrakanthcluster-shard-00-02.kek3p.mongodb.net:27017, chandrakanthcluster-shard-00-01.kek3p.mongodb.net:27017, chandrakanthcluster-shard-00-00.kek3p.mongodb.net:27017], passives=[], arbiters=[], primary='chandrakanthcluster-shard-00-02.kek3p.mongodb.net:27017', tagSet=TagSet{[Tag{name='availabilityZone', value='3'}, Tag{name='diskState', value='READY'}, Tag{name='nodeType', value='ELECTABLE'}, Tag{name='provider', value='AZURE'}, Tag{name='region', value='INDIA_CENTRAL'}, Tag{name='workloadType', value='OPERATIONAL'}]}, electionId=7fffffff0000000000000062, setVersion=12, topologyVersion=TopologyVersion{processId=66ce31cd12f738ad920b2361, counter=6}, lastWriteDate=Wed Sep 18 14:58:57 IST 2024, lastUpdateTimeNanos=592056112034100}
2024-09-18T14:58:56.651+05:30  INFO 14448 --- [ChatApp] [ngodb.net:27017] org.mongodb.driver.cluster               : Discovered replica set primary chandrakanthcluster-shard-00-02.kek3p.mongodb.net:27017 with max election id 7fffffff0000000000000062 and max set version 12
2024-09-18T14:58:56.962+05:30  INFO 14448 --- [ChatApp] [    Test worker] c.t.ChatApp.WebApplicationTests          : Started WebApplicationTests in 2.397 seconds (process running for 3.463)
]]></system-out>
  <system-err><![CDATA[]]></system-err>
</testsuite>
